2024-10-10 16:10:59,113 - sqlalchemy.engine.Engine - INFO - select pg_catalog.version()
2024-10-10 16:10:59,114 - sqlalchemy.engine.Engine - INFO - [raw sql] {}
2024-10-10 16:10:59,115 - sqlalchemy.engine.Engine - INFO - select current_schema()
2024-10-10 16:10:59,115 - sqlalchemy.engine.Engine - INFO - [raw sql] {}
2024-10-10 16:10:59,117 - sqlalchemy.engine.Engine - INFO - show standard_conforming_strings
2024-10-10 16:10:59,117 - sqlalchemy.engine.Engine - INFO - [raw sql] {}
2024-10-10 16:10:59,118 - sqlalchemy.engine.Engine - INFO - BEGIN (implicit)
2024-10-10 16:10:59,121 - sqlalchemy.engine.Engine - INFO - SELECT pg_catalog.pg_class.relname 
FROM pg_catalog.pg_class JOIN pg_catalog.pg_namespace ON pg_catalog.pg_namespace.oid = pg_catalog.pg_class.relnamespace 
WHERE pg_catalog.pg_class.relname = %(table_name)s AND pg_catalog.pg_class.relkind = ANY (ARRAY[%(param_1)s, %(param_2)s, %(param_3)s, %(param_4)s, %(param_5)s]) AND pg_catalog.pg_table_is_visible(pg_catalog.pg_class.oid) AND pg_catalog.pg_namespace.nspname != %(nspname_1)s
2024-10-10 16:10:59,122 - sqlalchemy.engine.Engine - INFO - [generated in 0.00099s] {'table_name': 'users', 'param_1': 'r', 'param_2': 'p', 'param_3': 'f', 'param_4': 'v', 'param_5': 'm', 'nspname_1': 'pg_catalog'}
2024-10-10 16:10:59,127 - sqlalchemy.engine.Engine - INFO - SELECT pg_catalog.pg_class.relname 
FROM pg_catalog.pg_class JOIN pg_catalog.pg_namespace ON pg_catalog.pg_namespace.oid = pg_catalog.pg_class.relnamespace 
WHERE pg_catalog.pg_class.relname = %(table_name)s AND pg_catalog.pg_class.relkind = ANY (ARRAY[%(param_1)s, %(param_2)s, %(param_3)s, %(param_4)s, %(param_5)s]) AND pg_catalog.pg_table_is_visible(pg_catalog.pg_class.oid) AND pg_catalog.pg_namespace.nspname != %(nspname_1)s
2024-10-10 16:10:59,128 - sqlalchemy.engine.Engine - INFO - [cached since 0.007071s ago] {'table_name': 'products', 'param_1': 'r', 'param_2': 'p', 'param_3': 'f', 'param_4': 'v', 'param_5': 'm', 'nspname_1': 'pg_catalog'}
2024-10-10 16:10:59,129 - sqlalchemy.engine.Engine - INFO - COMMIT
2024-10-10 16:13:44,309 - sqlalchemy.engine.Engine - INFO - select pg_catalog.version()
2024-10-10 16:13:44,310 - sqlalchemy.engine.Engine - INFO - [raw sql] {}
2024-10-10 16:13:44,310 - sqlalchemy.engine.Engine - INFO - select current_schema()
2024-10-10 16:13:44,311 - sqlalchemy.engine.Engine - INFO - [raw sql] {}
2024-10-10 16:13:44,311 - sqlalchemy.engine.Engine - INFO - show standard_conforming_strings
2024-10-10 16:13:44,311 - sqlalchemy.engine.Engine - INFO - [raw sql] {}
2024-10-10 16:13:44,312 - sqlalchemy.engine.Engine - INFO - BEGIN (implicit)
2024-10-10 16:13:44,315 - sqlalchemy.engine.Engine - INFO - SELECT pg_catalog.pg_class.relname 
FROM pg_catalog.pg_class JOIN pg_catalog.pg_namespace ON pg_catalog.pg_namespace.oid = pg_catalog.pg_class.relnamespace 
WHERE pg_catalog.pg_class.relname = %(table_name)s AND pg_catalog.pg_class.relkind = ANY (ARRAY[%(param_1)s, %(param_2)s, %(param_3)s, %(param_4)s, %(param_5)s]) AND pg_catalog.pg_table_is_visible(pg_catalog.pg_class.oid) AND pg_catalog.pg_namespace.nspname != %(nspname_1)s
2024-10-10 16:13:44,315 - sqlalchemy.engine.Engine - INFO - [generated in 0.00073s] {'table_name': 'users', 'param_1': 'r', 'param_2': 'p', 'param_3': 'f', 'param_4': 'v', 'param_5': 'm', 'nspname_1': 'pg_catalog'}
2024-10-10 16:13:44,317 - sqlalchemy.engine.Engine - INFO - SELECT pg_catalog.pg_class.relname 
FROM pg_catalog.pg_class JOIN pg_catalog.pg_namespace ON pg_catalog.pg_namespace.oid = pg_catalog.pg_class.relnamespace 
WHERE pg_catalog.pg_class.relname = %(table_name)s AND pg_catalog.pg_class.relkind = ANY (ARRAY[%(param_1)s, %(param_2)s, %(param_3)s, %(param_4)s, %(param_5)s]) AND pg_catalog.pg_table_is_visible(pg_catalog.pg_class.oid) AND pg_catalog.pg_namespace.nspname != %(nspname_1)s
2024-10-10 16:13:44,318 - sqlalchemy.engine.Engine - INFO - [cached since 0.002932s ago] {'table_name': 'products', 'param_1': 'r', 'param_2': 'p', 'param_3': 'f', 'param_4': 'v', 'param_5': 'm', 'nspname_1': 'pg_catalog'}
2024-10-10 16:13:44,318 - sqlalchemy.engine.Engine - INFO - COMMIT
2024-10-10 16:15:54,061 - sqlalchemy.engine.Engine - INFO - select pg_catalog.version()
2024-10-10 16:15:54,061 - sqlalchemy.engine.Engine - INFO - [raw sql] {}
2024-10-10 16:15:54,062 - sqlalchemy.engine.Engine - INFO - select current_schema()
2024-10-10 16:15:54,063 - sqlalchemy.engine.Engine - INFO - [raw sql] {}
2024-10-10 16:15:54,064 - sqlalchemy.engine.Engine - INFO - show standard_conforming_strings
2024-10-10 16:15:54,064 - sqlalchemy.engine.Engine - INFO - [raw sql] {}
2024-10-10 16:15:54,065 - sqlalchemy.engine.Engine - INFO - BEGIN (implicit)
2024-10-10 16:15:54,070 - sqlalchemy.engine.Engine - INFO - SELECT pg_catalog.pg_class.relname 
FROM pg_catalog.pg_class JOIN pg_catalog.pg_namespace ON pg_catalog.pg_namespace.oid = pg_catalog.pg_class.relnamespace 
WHERE pg_catalog.pg_class.relname = %(table_name)s AND pg_catalog.pg_class.relkind = ANY (ARRAY[%(param_1)s, %(param_2)s, %(param_3)s, %(param_4)s, %(param_5)s]) AND pg_catalog.pg_table_is_visible(pg_catalog.pg_class.oid) AND pg_catalog.pg_namespace.nspname != %(nspname_1)s
2024-10-10 16:15:54,072 - sqlalchemy.engine.Engine - INFO - [generated in 0.00223s] {'table_name': 'users', 'param_1': 'r', 'param_2': 'p', 'param_3': 'f', 'param_4': 'v', 'param_5': 'm', 'nspname_1': 'pg_catalog'}
2024-10-10 16:15:54,075 - sqlalchemy.engine.Engine - INFO - SELECT pg_catalog.pg_class.relname 
FROM pg_catalog.pg_class JOIN pg_catalog.pg_namespace ON pg_catalog.pg_namespace.oid = pg_catalog.pg_class.relnamespace 
WHERE pg_catalog.pg_class.relname = %(table_name)s AND pg_catalog.pg_class.relkind = ANY (ARRAY[%(param_1)s, %(param_2)s, %(param_3)s, %(param_4)s, %(param_5)s]) AND pg_catalog.pg_table_is_visible(pg_catalog.pg_class.oid) AND pg_catalog.pg_namespace.nspname != %(nspname_1)s
2024-10-10 16:15:54,076 - sqlalchemy.engine.Engine - INFO - [cached since 0.006411s ago] {'table_name': 'products', 'param_1': 'r', 'param_2': 'p', 'param_3': 'f', 'param_4': 'v', 'param_5': 'm', 'nspname_1': 'pg_catalog'}
2024-10-10 16:15:54,077 - sqlalchemy.engine.Engine - INFO - COMMIT
2024-10-10 16:16:37,120 - sqlalchemy.engine.Engine - INFO - select pg_catalog.version()
2024-10-10 16:16:37,121 - sqlalchemy.engine.Engine - INFO - [raw sql] {}
2024-10-10 16:16:37,122 - sqlalchemy.engine.Engine - INFO - select current_schema()
2024-10-10 16:16:37,123 - sqlalchemy.engine.Engine - INFO - [raw sql] {}
2024-10-10 16:16:37,124 - sqlalchemy.engine.Engine - INFO - show standard_conforming_strings
2024-10-10 16:16:37,125 - sqlalchemy.engine.Engine - INFO - [raw sql] {}
2024-10-10 16:16:37,126 - sqlalchemy.engine.Engine - INFO - BEGIN (implicit)
2024-10-10 16:16:37,129 - sqlalchemy.engine.Engine - INFO - SELECT pg_catalog.pg_class.relname 
FROM pg_catalog.pg_class JOIN pg_catalog.pg_namespace ON pg_catalog.pg_namespace.oid = pg_catalog.pg_class.relnamespace 
WHERE pg_catalog.pg_class.relname = %(table_name)s AND pg_catalog.pg_class.relkind = ANY (ARRAY[%(param_1)s, %(param_2)s, %(param_3)s, %(param_4)s, %(param_5)s]) AND pg_catalog.pg_table_is_visible(pg_catalog.pg_class.oid) AND pg_catalog.pg_namespace.nspname != %(nspname_1)s
2024-10-10 16:16:37,130 - sqlalchemy.engine.Engine - INFO - [generated in 0.00080s] {'table_name': 'users', 'param_1': 'r', 'param_2': 'p', 'param_3': 'f', 'param_4': 'v', 'param_5': 'm', 'nspname_1': 'pg_catalog'}
2024-10-10 16:16:37,132 - sqlalchemy.engine.Engine - INFO - SELECT pg_catalog.pg_class.relname 
FROM pg_catalog.pg_class JOIN pg_catalog.pg_namespace ON pg_catalog.pg_namespace.oid = pg_catalog.pg_class.relnamespace 
WHERE pg_catalog.pg_class.relname = %(table_name)s AND pg_catalog.pg_class.relkind = ANY (ARRAY[%(param_1)s, %(param_2)s, %(param_3)s, %(param_4)s, %(param_5)s]) AND pg_catalog.pg_table_is_visible(pg_catalog.pg_class.oid) AND pg_catalog.pg_namespace.nspname != %(nspname_1)s
2024-10-10 16:16:37,134 - sqlalchemy.engine.Engine - INFO - [cached since 0.00498s ago] {'table_name': 'products', 'param_1': 'r', 'param_2': 'p', 'param_3': 'f', 'param_4': 'v', 'param_5': 'm', 'nspname_1': 'pg_catalog'}
2024-10-10 16:16:37,136 - sqlalchemy.engine.Engine - INFO - COMMIT
2024-10-10 16:18:38,099 - sqlalchemy.engine.Engine - INFO - select pg_catalog.version()
2024-10-10 16:18:38,099 - sqlalchemy.engine.Engine - INFO - [raw sql] {}
2024-10-10 16:18:38,101 - sqlalchemy.engine.Engine - INFO - select current_schema()
2024-10-10 16:18:38,101 - sqlalchemy.engine.Engine - INFO - [raw sql] {}
2024-10-10 16:18:38,101 - sqlalchemy.engine.Engine - INFO - show standard_conforming_strings
2024-10-10 16:18:38,102 - sqlalchemy.engine.Engine - INFO - [raw sql] {}
2024-10-10 16:18:38,102 - sqlalchemy.engine.Engine - INFO - BEGIN (implicit)
2024-10-10 16:18:38,106 - sqlalchemy.engine.Engine - INFO - SELECT pg_catalog.pg_class.relname 
FROM pg_catalog.pg_class JOIN pg_catalog.pg_namespace ON pg_catalog.pg_namespace.oid = pg_catalog.pg_class.relnamespace 
WHERE pg_catalog.pg_class.relname = %(table_name)s AND pg_catalog.pg_class.relkind = ANY (ARRAY[%(param_1)s, %(param_2)s, %(param_3)s, %(param_4)s, %(param_5)s]) AND pg_catalog.pg_table_is_visible(pg_catalog.pg_class.oid) AND pg_catalog.pg_namespace.nspname != %(nspname_1)s
2024-10-10 16:18:38,106 - sqlalchemy.engine.Engine - INFO - [generated in 0.00054s] {'table_name': 'users', 'param_1': 'r', 'param_2': 'p', 'param_3': 'f', 'param_4': 'v', 'param_5': 'm', 'nspname_1': 'pg_catalog'}
2024-10-10 16:18:38,108 - sqlalchemy.engine.Engine - INFO - SELECT pg_catalog.pg_class.relname 
FROM pg_catalog.pg_class JOIN pg_catalog.pg_namespace ON pg_catalog.pg_namespace.oid = pg_catalog.pg_class.relnamespace 
WHERE pg_catalog.pg_class.relname = %(table_name)s AND pg_catalog.pg_class.relkind = ANY (ARRAY[%(param_1)s, %(param_2)s, %(param_3)s, %(param_4)s, %(param_5)s]) AND pg_catalog.pg_table_is_visible(pg_catalog.pg_class.oid) AND pg_catalog.pg_namespace.nspname != %(nspname_1)s
2024-10-10 16:18:38,108 - sqlalchemy.engine.Engine - INFO - [cached since 0.003122s ago] {'table_name': 'products', 'param_1': 'r', 'param_2': 'p', 'param_3': 'f', 'param_4': 'v', 'param_5': 'm', 'nspname_1': 'pg_catalog'}
2024-10-10 16:18:38,110 - sqlalchemy.engine.Engine - INFO - COMMIT
2024-10-10 16:33:31,496 - sqlalchemy.engine.Engine - INFO - select pg_catalog.version()
2024-10-10 16:33:31,496 - sqlalchemy.engine.Engine - INFO - [raw sql] {}
2024-10-10 16:33:31,497 - sqlalchemy.engine.Engine - INFO - select current_schema()
2024-10-10 16:33:31,497 - sqlalchemy.engine.Engine - INFO - [raw sql] {}
2024-10-10 16:33:31,497 - sqlalchemy.engine.Engine - INFO - show standard_conforming_strings
2024-10-10 16:33:31,498 - sqlalchemy.engine.Engine - INFO - [raw sql] {}
2024-10-10 16:33:31,498 - sqlalchemy.engine.Engine - INFO - BEGIN (implicit)
2024-10-10 16:33:31,502 - sqlalchemy.engine.Engine - INFO - SELECT pg_catalog.pg_class.relname 
FROM pg_catalog.pg_class JOIN pg_catalog.pg_namespace ON pg_catalog.pg_namespace.oid = pg_catalog.pg_class.relnamespace 
WHERE pg_catalog.pg_class.relname = %(table_name)s AND pg_catalog.pg_class.relkind = ANY (ARRAY[%(param_1)s, %(param_2)s, %(param_3)s, %(param_4)s, %(param_5)s]) AND pg_catalog.pg_table_is_visible(pg_catalog.pg_class.oid) AND pg_catalog.pg_namespace.nspname != %(nspname_1)s
2024-10-10 16:33:31,502 - sqlalchemy.engine.Engine - INFO - [generated in 0.00074s] {'table_name': 'users', 'param_1': 'r', 'param_2': 'p', 'param_3': 'f', 'param_4': 'v', 'param_5': 'm', 'nspname_1': 'pg_catalog'}
2024-10-10 16:33:31,504 - sqlalchemy.engine.Engine - INFO - SELECT pg_catalog.pg_class.relname 
FROM pg_catalog.pg_class JOIN pg_catalog.pg_namespace ON pg_catalog.pg_namespace.oid = pg_catalog.pg_class.relnamespace 
WHERE pg_catalog.pg_class.relname = %(table_name)s AND pg_catalog.pg_class.relkind = ANY (ARRAY[%(param_1)s, %(param_2)s, %(param_3)s, %(param_4)s, %(param_5)s]) AND pg_catalog.pg_table_is_visible(pg_catalog.pg_class.oid) AND pg_catalog.pg_namespace.nspname != %(nspname_1)s
2024-10-10 16:33:31,505 - sqlalchemy.engine.Engine - INFO - [cached since 0.003877s ago] {'table_name': 'products', 'param_1': 'r', 'param_2': 'p', 'param_3': 'f', 'param_4': 'v', 'param_5': 'm', 'nspname_1': 'pg_catalog'}
2024-10-10 16:33:31,506 - sqlalchemy.engine.Engine - INFO - COMMIT
2024-10-10 16:42:58,002 - sqlalchemy.engine.Engine - INFO - select pg_catalog.version()
2024-10-10 16:42:58,002 - sqlalchemy.engine.Engine - INFO - [raw sql] {}
2024-10-10 16:42:58,004 - sqlalchemy.engine.Engine - INFO - select current_schema()
2024-10-10 16:42:58,004 - sqlalchemy.engine.Engine - INFO - [raw sql] {}
2024-10-10 16:42:58,006 - sqlalchemy.engine.Engine - INFO - show standard_conforming_strings
2024-10-10 16:42:58,006 - sqlalchemy.engine.Engine - INFO - [raw sql] {}
2024-10-10 16:42:58,008 - sqlalchemy.engine.Engine - INFO - BEGIN (implicit)
2024-10-10 16:42:58,012 - sqlalchemy.engine.Engine - INFO - SELECT pg_catalog.pg_class.relname 
FROM pg_catalog.pg_class JOIN pg_catalog.pg_namespace ON pg_catalog.pg_namespace.oid = pg_catalog.pg_class.relnamespace 
WHERE pg_catalog.pg_class.relname = %(table_name)s AND pg_catalog.pg_class.relkind = ANY (ARRAY[%(param_1)s, %(param_2)s, %(param_3)s, %(param_4)s, %(param_5)s]) AND pg_catalog.pg_table_is_visible(pg_catalog.pg_class.oid) AND pg_catalog.pg_namespace.nspname != %(nspname_1)s
2024-10-10 16:42:58,012 - sqlalchemy.engine.Engine - INFO - [generated in 0.00077s] {'table_name': 'users', 'param_1': 'r', 'param_2': 'p', 'param_3': 'f', 'param_4': 'v', 'param_5': 'm', 'nspname_1': 'pg_catalog'}
2024-10-10 16:42:58,014 - sqlalchemy.engine.Engine - INFO - SELECT pg_catalog.pg_class.relname 
FROM pg_catalog.pg_class JOIN pg_catalog.pg_namespace ON pg_catalog.pg_namespace.oid = pg_catalog.pg_class.relnamespace 
WHERE pg_catalog.pg_class.relname = %(table_name)s AND pg_catalog.pg_class.relkind = ANY (ARRAY[%(param_1)s, %(param_2)s, %(param_3)s, %(param_4)s, %(param_5)s]) AND pg_catalog.pg_table_is_visible(pg_catalog.pg_class.oid) AND pg_catalog.pg_namespace.nspname != %(nspname_1)s
2024-10-10 16:42:58,014 - sqlalchemy.engine.Engine - INFO - [cached since 0.00293s ago] {'table_name': 'products', 'param_1': 'r', 'param_2': 'p', 'param_3': 'f', 'param_4': 'v', 'param_5': 'm', 'nspname_1': 'pg_catalog'}
2024-10-10 16:42:58,015 - sqlalchemy.engine.Engine - INFO - COMMIT
2024-10-10 16:44:03,487 - sqlalchemy.engine.Engine - INFO - select pg_catalog.version()
2024-10-10 16:44:03,487 - sqlalchemy.engine.Engine - INFO - [raw sql] {}
2024-10-10 16:44:03,488 - sqlalchemy.engine.Engine - INFO - select current_schema()
2024-10-10 16:44:03,489 - sqlalchemy.engine.Engine - INFO - [raw sql] {}
2024-10-10 16:44:03,489 - sqlalchemy.engine.Engine - INFO - show standard_conforming_strings
2024-10-10 16:44:03,490 - sqlalchemy.engine.Engine - INFO - [raw sql] {}
2024-10-10 16:44:03,490 - sqlalchemy.engine.Engine - INFO - BEGIN (implicit)
2024-10-10 16:44:03,494 - sqlalchemy.engine.Engine - INFO - SELECT pg_catalog.pg_class.relname 
FROM pg_catalog.pg_class JOIN pg_catalog.pg_namespace ON pg_catalog.pg_namespace.oid = pg_catalog.pg_class.relnamespace 
WHERE pg_catalog.pg_class.relname = %(table_name)s AND pg_catalog.pg_class.relkind = ANY (ARRAY[%(param_1)s, %(param_2)s, %(param_3)s, %(param_4)s, %(param_5)s]) AND pg_catalog.pg_table_is_visible(pg_catalog.pg_class.oid) AND pg_catalog.pg_namespace.nspname != %(nspname_1)s
2024-10-10 16:44:03,495 - sqlalchemy.engine.Engine - INFO - [generated in 0.00170s] {'table_name': 'users', 'param_1': 'r', 'param_2': 'p', 'param_3': 'f', 'param_4': 'v', 'param_5': 'm', 'nspname_1': 'pg_catalog'}
2024-10-10 16:44:03,497 - sqlalchemy.engine.Engine - INFO - SELECT pg_catalog.pg_class.relname 
FROM pg_catalog.pg_class JOIN pg_catalog.pg_namespace ON pg_catalog.pg_namespace.oid = pg_catalog.pg_class.relnamespace 
WHERE pg_catalog.pg_class.relname = %(table_name)s AND pg_catalog.pg_class.relkind = ANY (ARRAY[%(param_1)s, %(param_2)s, %(param_3)s, %(param_4)s, %(param_5)s]) AND pg_catalog.pg_table_is_visible(pg_catalog.pg_class.oid) AND pg_catalog.pg_namespace.nspname != %(nspname_1)s
2024-10-10 16:44:03,498 - sqlalchemy.engine.Engine - INFO - [cached since 0.004379s ago] {'table_name': 'products', 'param_1': 'r', 'param_2': 'p', 'param_3': 'f', 'param_4': 'v', 'param_5': 'm', 'nspname_1': 'pg_catalog'}
2024-10-10 16:44:03,499 - sqlalchemy.engine.Engine - INFO - COMMIT
2024-10-10 16:50:47,373 - sqlalchemy.engine.Engine - INFO - select pg_catalog.version()
2024-10-10 16:50:47,374 - sqlalchemy.engine.Engine - INFO - [raw sql] {}
2024-10-10 16:50:47,375 - sqlalchemy.engine.Engine - INFO - select current_schema()
2024-10-10 16:50:47,375 - sqlalchemy.engine.Engine - INFO - [raw sql] {}
2024-10-10 16:50:47,376 - sqlalchemy.engine.Engine - INFO - show standard_conforming_strings
2024-10-10 16:50:47,377 - sqlalchemy.engine.Engine - INFO - [raw sql] {}
2024-10-10 16:50:47,377 - sqlalchemy.engine.Engine - INFO - BEGIN (implicit)
2024-10-10 16:50:47,380 - sqlalchemy.engine.Engine - INFO - SELECT pg_catalog.pg_class.relname 
FROM pg_catalog.pg_class JOIN pg_catalog.pg_namespace ON pg_catalog.pg_namespace.oid = pg_catalog.pg_class.relnamespace 
WHERE pg_catalog.pg_class.relname = %(table_name)s AND pg_catalog.pg_class.relkind = ANY (ARRAY[%(param_1)s, %(param_2)s, %(param_3)s, %(param_4)s, %(param_5)s]) AND pg_catalog.pg_table_is_visible(pg_catalog.pg_class.oid) AND pg_catalog.pg_namespace.nspname != %(nspname_1)s
2024-10-10 16:50:47,381 - sqlalchemy.engine.Engine - INFO - [generated in 0.00060s] {'table_name': 'users', 'param_1': 'r', 'param_2': 'p', 'param_3': 'f', 'param_4': 'v', 'param_5': 'm', 'nspname_1': 'pg_catalog'}
2024-10-10 16:50:47,382 - sqlalchemy.engine.Engine - INFO - SELECT pg_catalog.pg_class.relname 
FROM pg_catalog.pg_class JOIN pg_catalog.pg_namespace ON pg_catalog.pg_namespace.oid = pg_catalog.pg_class.relnamespace 
WHERE pg_catalog.pg_class.relname = %(table_name)s AND pg_catalog.pg_class.relkind = ANY (ARRAY[%(param_1)s, %(param_2)s, %(param_3)s, %(param_4)s, %(param_5)s]) AND pg_catalog.pg_table_is_visible(pg_catalog.pg_class.oid) AND pg_catalog.pg_namespace.nspname != %(nspname_1)s
2024-10-10 16:50:47,383 - sqlalchemy.engine.Engine - INFO - [cached since 0.002931s ago] {'table_name': 'products', 'param_1': 'r', 'param_2': 'p', 'param_3': 'f', 'param_4': 'v', 'param_5': 'm', 'nspname_1': 'pg_catalog'}
2024-10-10 16:50:47,384 - sqlalchemy.engine.Engine - INFO - COMMIT
2024-10-10 16:51:42,759 - sqlalchemy.engine.Engine - INFO - select pg_catalog.version()
2024-10-10 16:51:42,759 - sqlalchemy.engine.Engine - INFO - [raw sql] {}
2024-10-10 16:51:42,760 - sqlalchemy.engine.Engine - INFO - select current_schema()
2024-10-10 16:51:42,761 - sqlalchemy.engine.Engine - INFO - [raw sql] {}
2024-10-10 16:51:42,762 - sqlalchemy.engine.Engine - INFO - show standard_conforming_strings
2024-10-10 16:51:42,762 - sqlalchemy.engine.Engine - INFO - [raw sql] {}
2024-10-10 16:51:42,764 - sqlalchemy.engine.Engine - INFO - BEGIN (implicit)
2024-10-10 16:51:42,768 - sqlalchemy.engine.Engine - INFO - SELECT pg_catalog.pg_class.relname 
FROM pg_catalog.pg_class JOIN pg_catalog.pg_namespace ON pg_catalog.pg_namespace.oid = pg_catalog.pg_class.relnamespace 
WHERE pg_catalog.pg_class.relname = %(table_name)s AND pg_catalog.pg_class.relkind = ANY (ARRAY[%(param_1)s, %(param_2)s, %(param_3)s, %(param_4)s, %(param_5)s]) AND pg_catalog.pg_table_is_visible(pg_catalog.pg_class.oid) AND pg_catalog.pg_namespace.nspname != %(nspname_1)s
2024-10-10 16:51:42,768 - sqlalchemy.engine.Engine - INFO - [generated in 0.00077s] {'table_name': 'users', 'param_1': 'r', 'param_2': 'p', 'param_3': 'f', 'param_4': 'v', 'param_5': 'm', 'nspname_1': 'pg_catalog'}
2024-10-10 16:51:42,770 - sqlalchemy.engine.Engine - INFO - SELECT pg_catalog.pg_class.relname 
FROM pg_catalog.pg_class JOIN pg_catalog.pg_namespace ON pg_catalog.pg_namespace.oid = pg_catalog.pg_class.relnamespace 
WHERE pg_catalog.pg_class.relname = %(table_name)s AND pg_catalog.pg_class.relkind = ANY (ARRAY[%(param_1)s, %(param_2)s, %(param_3)s, %(param_4)s, %(param_5)s]) AND pg_catalog.pg_table_is_visible(pg_catalog.pg_class.oid) AND pg_catalog.pg_namespace.nspname != %(nspname_1)s
2024-10-10 16:51:42,771 - sqlalchemy.engine.Engine - INFO - [cached since 0.002908s ago] {'table_name': 'products', 'param_1': 'r', 'param_2': 'p', 'param_3': 'f', 'param_4': 'v', 'param_5': 'm', 'nspname_1': 'pg_catalog'}
2024-10-10 16:51:42,771 - sqlalchemy.engine.Engine - INFO - COMMIT
2024-10-10 17:21:37,438 - sqlalchemy.engine.Engine - INFO - select pg_catalog.version()
2024-10-10 17:21:37,439 - sqlalchemy.engine.Engine - INFO - [raw sql] {}
2024-10-10 17:21:37,440 - sqlalchemy.engine.Engine - INFO - select current_schema()
2024-10-10 17:21:37,442 - sqlalchemy.engine.Engine - INFO - [raw sql] {}
2024-10-10 17:21:37,442 - sqlalchemy.engine.Engine - INFO - show standard_conforming_strings
2024-10-10 17:21:37,443 - sqlalchemy.engine.Engine - INFO - [raw sql] {}
2024-10-10 17:21:37,443 - sqlalchemy.engine.Engine - INFO - BEGIN (implicit)
2024-10-10 17:21:37,446 - sqlalchemy.engine.Engine - INFO - SELECT pg_catalog.pg_class.relname 
FROM pg_catalog.pg_class JOIN pg_catalog.pg_namespace ON pg_catalog.pg_namespace.oid = pg_catalog.pg_class.relnamespace 
WHERE pg_catalog.pg_class.relname = %(table_name)s AND pg_catalog.pg_class.relkind = ANY (ARRAY[%(param_1)s, %(param_2)s, %(param_3)s, %(param_4)s, %(param_5)s]) AND pg_catalog.pg_table_is_visible(pg_catalog.pg_class.oid) AND pg_catalog.pg_namespace.nspname != %(nspname_1)s
2024-10-10 17:21:37,447 - sqlalchemy.engine.Engine - INFO - [generated in 0.00065s] {'table_name': 'users', 'param_1': 'r', 'param_2': 'p', 'param_3': 'f', 'param_4': 'v', 'param_5': 'm', 'nspname_1': 'pg_catalog'}
2024-10-10 17:21:37,458 - sqlalchemy.engine.Engine - INFO - SELECT pg_catalog.pg_class.relname 
FROM pg_catalog.pg_class JOIN pg_catalog.pg_namespace ON pg_catalog.pg_namespace.oid = pg_catalog.pg_class.relnamespace 
WHERE pg_catalog.pg_class.relname = %(table_name)s AND pg_catalog.pg_class.relkind = ANY (ARRAY[%(param_1)s, %(param_2)s, %(param_3)s, %(param_4)s, %(param_5)s]) AND pg_catalog.pg_table_is_visible(pg_catalog.pg_class.oid) AND pg_catalog.pg_namespace.nspname != %(nspname_1)s
2024-10-10 17:21:37,458 - sqlalchemy.engine.Engine - INFO - [cached since 0.01268s ago] {'table_name': 'products', 'param_1': 'r', 'param_2': 'p', 'param_3': 'f', 'param_4': 'v', 'param_5': 'm', 'nspname_1': 'pg_catalog'}
2024-10-10 17:21:37,459 - sqlalchemy.engine.Engine - INFO - COMMIT
2024-10-11 10:43:21,414 - sqlalchemy.engine.Engine - INFO - select pg_catalog.version()
2024-10-11 10:43:21,415 - sqlalchemy.engine.Engine - INFO - [raw sql] {}
2024-10-11 10:43:21,416 - sqlalchemy.engine.Engine - INFO - select current_schema()
2024-10-11 10:43:21,417 - sqlalchemy.engine.Engine - INFO - [raw sql] {}
2024-10-11 10:43:21,418 - sqlalchemy.engine.Engine - INFO - show standard_conforming_strings
2024-10-11 10:43:21,419 - sqlalchemy.engine.Engine - INFO - [raw sql] {}
2024-10-11 10:43:21,421 - sqlalchemy.engine.Engine - INFO - BEGIN (implicit)
2024-10-11 10:43:21,426 - sqlalchemy.engine.Engine - INFO - SELECT pg_catalog.pg_class.relname 
FROM pg_catalog.pg_class JOIN pg_catalog.pg_namespace ON pg_catalog.pg_namespace.oid = pg_catalog.pg_class.relnamespace 
WHERE pg_catalog.pg_class.relname = %(table_name)s AND pg_catalog.pg_class.relkind = ANY (ARRAY[%(param_1)s, %(param_2)s, %(param_3)s, %(param_4)s, %(param_5)s]) AND pg_catalog.pg_table_is_visible(pg_catalog.pg_class.oid) AND pg_catalog.pg_namespace.nspname != %(nspname_1)s
2024-10-11 10:43:21,428 - sqlalchemy.engine.Engine - INFO - [generated in 0.00213s] {'table_name': 'users', 'param_1': 'r', 'param_2': 'p', 'param_3': 'f', 'param_4': 'v', 'param_5': 'm', 'nspname_1': 'pg_catalog'}
2024-10-11 10:43:21,430 - sqlalchemy.engine.Engine - INFO - SELECT pg_catalog.pg_class.relname 
FROM pg_catalog.pg_class JOIN pg_catalog.pg_namespace ON pg_catalog.pg_namespace.oid = pg_catalog.pg_class.relnamespace 
WHERE pg_catalog.pg_class.relname = %(table_name)s AND pg_catalog.pg_class.relkind = ANY (ARRAY[%(param_1)s, %(param_2)s, %(param_3)s, %(param_4)s, %(param_5)s]) AND pg_catalog.pg_table_is_visible(pg_catalog.pg_class.oid) AND pg_catalog.pg_namespace.nspname != %(nspname_1)s
2024-10-11 10:43:21,432 - sqlalchemy.engine.Engine - INFO - [cached since 0.006621s ago] {'table_name': 'products', 'param_1': 'r', 'param_2': 'p', 'param_3': 'f', 'param_4': 'v', 'param_5': 'm', 'nspname_1': 'pg_catalog'}
2024-10-11 10:43:21,434 - sqlalchemy.engine.Engine - INFO - COMMIT
